CASEID WUTBEAVRS
CNTL
    core_type    PWR
    core_power   100.0    ! Full power %
    ppm          0.0	! initial boron concenration
    bank_pos  228.  228.  228.  228.  228.  228.   228.   228.  228.0   !all withdrawn	
    th_fdbk T
   search keff	
    pin_power    F					! pin-power calculation
    transient    F					! transient calculation
    depletion    T 1.0e-2			! yes - depletion and convergence criteria
 tree_xs    T    11   T   T   F   F   F   T   F   F   F   F   T   T   F   F !HFP 2017
    print_opt          T          T          F          F          T	  			!output options
    print_opt          T          F          F          T          F
   XE_SM 1 1 1 1
  XS_EXTRAP 2.0 0.3 0.8 0.2
  DECAY_HEAT F
 ROT_ADF T
PARAM
 cmfd 2
   decusp     0                         !flux wieghting only
    init_guess 0     !0-coside 1-flat
GEOM
 geo_dim   17  17 22  1 1           !nasyx,nasyy,nz, nzbr, nztr
 rad_conf
0	0	0	0	10	10	10	10	10	10	10	10	10	0	0	0	0
0	0	10	10	10	4	7	6	8	6	7	4	10	10	10	0	0
0	10	10	8	2	5	7	6	2	6	7	5	2	8	10	10	0
0	10	8	3	4	9	4	1	7	1	4	9	4	3	8	10	0
10	10	2	4	5	7	4	1	3	1	4	7	5	4	2	10	10
10	4	5	9	7	2	5	1	2	1	5	2	7	9	5	4	10
10	7	7	4	4	5	4	6	5	6	4	5	4	4	7	7	10
10	6	6	1	1	1	6	2	2	2	6	1	1	1	6	6	10
10	8	2	7	3	2	5	2	1	2	5	2	3	7	2	8	10
10	6	6	1	1	1	6	2	2	2	6	1	1	1	6	6	10
10	7	7	4	4	5	4	6	5	6	4	5	4	4	7	7	10
10	4	5	9	7	2	5	1	2	1	5	2	7	9	5	4	10
10	10	2	4	5	7	4	1	3	1	4	7	5	4	2	10	10
0	10	8	3	4	9	4	1	7	1	4	9	4	3	8	10	0
0	10	10	8	2	5	7	6	2	6	7	5	2	8	10	10	0
0	0	10	10	10	4	7	6	8	6	7	4	10	10	10	0	0
0	0	0	0	10	10	10	10	10	10	10	10	10	0	0	0	0
 grid_x     17*21.50364
 neutmesh_x 17*1
 grid_y     17*21.50364
 neutmesh_y 17*1
 grid_z     21.42  20*18.288 21.42
 boun_cond  1 1  1 1 1 1       !ibcw,ibce,ibcn,ibcs,ibcb,ibct
 ASSY_TYPE	1	1*11	20*1	1*11	FUEL	!	FA01
 ASSY_TYPE	2	1*11	20*2	1*11	FUEL	!	FA02
 ASSY_TYPE	3	1*11	20*3	1*11	FUEL	!	FA03
 ASSY_TYPE	4	1*11	20*4	1*11	FUEL	!	FA04
 ASSY_TYPE	5	1*11	20*5	1*11	FUEL	!	FA05
 ASSY_TYPE	6	1*11	20*6	1*11	FUEL	!	FA06
 ASSY_TYPE	7	1*11	20*7	1*11	FUEL	!	FA07
 ASSY_TYPE	8	1*11	20*8	1*11	FUEL	!	FA08
 ASSY_TYPE	9	1*11	20*9	1*11	FUEL	!	FA09
 ASSY_TYPE	10	1*10	20*10	1*10	REFL	!	FA_REF
 cr_axinfo  30.492 1.58173    !CR fully inserted position and step size - 2017
 bank_conf
 pincal_loc
 adf_rot
 CRB_DEF 1
   1 1 400.0
 CRB_TYPE 1 1 1 1 1 1 1 1 1  !all banks made of AIC
TH
    UNIF_TH  0.711901 626.85 306.85     !HFP 2017 average - 306.85C = 580K Average core temp
    n_pingt      264 25                     !npin,ngt
    fa_powpit    17.6735   21.50364         !assembly power(Mw) and pitch(cm) 3411 MTth/193 assmbl || pitch page 98
    pin_dim      3.9218 4.572 0.5715 6.0198 !pin radii, rs,rw,tw, and rgt in mm
    flow_cond    294.22 84.0889             !HFP 2017 tin,cmfrfa(Kg/sec): Tin = 561.6F, Flow: HFP-5%bypass
    gamma_frac   0.01                       !direc heating fraction
    hgap         10000.                     !hgap(w/M^2-C)
    n_ring       10                         !number of meshes in pellet
    thmesh_x     17*1                       !Number of T/H Nodes per FA in X-dir
    thmesh_y     17*1                       !Number of T/H Nodes per FA in y-dir
    thmesh_z     1 2 3 4 5 6 7 8 9 10 11 12 13 14 15 16 17 18 19 20 21 22 !23  !junction locations
DEPL
 PMAXS_F  1        '..\..\..\..\PARCS\PMAXS\FA01_VER17_238_v3_merge2.PMAX'      1
 PMAXS_F  2        '..\..\..\..\PARCS\PMAXS\FA02_VER17_238_v3_merge2.PMAX'      1
 PMAXS_F  3        '..\..\..\..\PARCS\PMAXS\FA03_VER17_238_v3_merge2.PMAX'      1
 PMAXS_F  4        '..\..\..\..\PARCS\PMAXS\FA04_VER17_238_v3_merge2.PMAX'      1
 PMAXS_F  5        '..\..\..\..\PARCS\PMAXS\FA05_VER17_238_v3_merge2.PMAX'      1
 PMAXS_F  6        '..\..\..\..\PARCS\PMAXS\FA06_VER17_238_v3_merge2.PMAX'      1
 PMAXS_F  7        '..\..\..\..\PARCS\PMAXS\FA07_VER17_238_v3_merge2.PMAX'      1
 PMAXS_F  8        '..\..\..\..\PARCS\PMAXS\FA08_VER17_238_v3_merge2.PMAX'      1
 PMAXS_F  9        '..\..\..\..\PARCS\PMAXS\FA09_VER17_238_v3_merge2.PMAX'      1
 PMAXS_F  10       '..\..\..\..\PARCS\PMAXS\RADIAL_REFL_378.PMAX'     2
 PMAXS_F  11       '..\..\..\..\PARCS\PMAXS\PMAXS_OECD_REFL_2g.v600'    3
 OUT_OPT   T  T   F F F      !POW,HST,THS,XESM XS
 BANK_NR   96 192 192 120 192 192 96 96 96             !number of control rods in each bank
  EXCL_BLK  1  1          !Top, Bottom blank lays
MCYCLE
  BANK_DEF	1	228	228	228	228	228	228	228	228	228
 BANK_DEF	2	228	228	228	207	228	228	228	228	228
  BANK_DEF	3	228	228	228	165	228	228	228	228	228
  BANK_DEF	4	228	228	228	162	228	228	228	228	228
  BANK_DEF	5	228	228	228	228	228	228	228	228	228
  BANK_DEF	6	228	228	228	204	228	228	228	228	228
  BANK_DEF	7	228	228	228	192	228	228	228	228	228
  BANK_DEF	8	228	228	228	158	228	228	228	228	228
  BANK_DEF	9	228	228	228	217	228	228	228	228	228
  BANK_DEF	10	228	228	228	207	228	228	228	228	228
  BANK_DEF	11	228	228	228	187	228	228	228	228	228
  BANK_DEF	12	228	228	228	198	228	228	228	228	228
  BANK_DEF	13	228	228	228	192	228	228	228	228	228
  BANK_DEF	14	228	228	228	195	228	228	228	228	228
  BANK_DEF	15	228	228	228	194	228	228	228	228	228
  BANK_DEF	16	228	228	228	179	228	228	228	228	228
  BANK_DEF	17	228	228	228	199	228	228	228	228	228
  BANK_DEF	18	228	228	228	215	228	228	228	228	228
  BANK_DEF	19	228	228	228	222	228	228	228	228	228
  BANK_DEF	20	228	228	228	207	228	228	228	228	228
  BANK_DEF	21	228	228	228	218	228	228	228	228	228
  BANK_DEF	22	228	228	228	215	228	228	228	228	228
  BANK_DEF	23	228	228	228	216	228	228	228	228	228
  BANK_DEF	24	228	228	228	208	228	228	228	228	228
  BANK_DEF	25	228	228	228	207	228	228	228	228	228
  BANK_DEF	26	228	228	228	207	228	228	228	228	228
  BANK_DEF	27	228	228	228	207	228	228	228	228	228
  BANK_DEF	28	228	228	228	207	228	228	228	228	228
  BANK_DEF	29	228	228	228	207	228	228	228	228	228
  BANK_DEF	30	228	228	228	207	228	228	228	228	228
  BANK_DEF	31	228	228	228	207	228	228	228	228	228
  BANK_DEF	32	228	228	228	207	228	228	228	228	228
  BANK_DEF	33	228	228	228	207	228	228	228	228	228
 CYCLE_DEF 1
 DEPL_STEP	1	20	20	20	20	20	20	20	10	10	10	10	10	10	10	10	10	10	10	10	10	10	10	10	10	10	10	10	10	10	10	10	10	10	10	10	10	10	10	10	5	5	5	5	5	5	5	5	5	5	5	5	5	5	5	5	5	5	5	5	5	5	5	5	5	5	5	5	
 POWER_LEV	100	100	100	100	100	100	100	100	100	100	100	100	100	100	100	100	100	100	100	100	100	100	100	100	100	100	100	100	100	100	100	100	100	100	100	100	100	100	100	100	100	100	100	100	100	100	100	100	100	100	100	100	100	100	100	100	100	100	100	100	100	100	100	100	100	100	100	100	100
 BANK_SEQ	1	1	1	1	1	1	1	1	1	1	1	1	1	1	1	1	1	1	1	1	1	1	1	1	1	1	1	1	1	1	1	1	1	1	1	1	1	1	1	1	1	1	1	1	1	1	1	1	1	1	1	1	1	1	1	1	1	1	1	1	1	1	1	1	1	1	1	1	1
 LOCATION
						1   2   3   4   5   6   7
				8   9  10  11  12  13  14  15  16  17  18
			19  20  21  22  23  24  25  26  27  28  29  30  31
			32  33  34  35  36  37  38  39  40  41  42  43  44
		45  46  47  48  49  50  51  52  53  54  55  56  57  58  59
		60  61  62  63  64  65  66  67  68  69  70  71  72  73  74
		75  76  77  78  79  80  81  82  83  84  85  86  87  88  89
		90  91  92  93  94  95  96  97  98  99 100 101 102 103 104
		105 106 107 108 109 110 111 112 113 114 115 116 117 118 119
		120 121 122 123 124 125 126 127 128 129 130 131 132 133 134
		135 136 137 138 139 140 141 142 143 144 145 146 147 148 149
			150 151 152 153 154 155 156 157 158 159 160 161 162
			163 164 165 166 167 168 169 170 171 172 173 174 175
				176 177 178 179 180 181 182 183 184 185 186
						187 188 189 190 191 192 193
 SHUF_MAP   1   1  		! (index, mode 1 - indivdually)
       -1  19   94   -4  108  193  98   187  116  -4  52   31   -1
  -5  46   -3  39   -3  92   105  182  119  25   -3  37   -3  58   -5
  -1  17   159  149  33   5    118  190  180  3    43   135  153  9    -1
  -5  164  192  82   6    88   104  183  90   106  188  112  2    30   -5
  -1  185  41   59   151  191  14   4    76   189  161  45   35   177  -1
  -5  136  -3  157  -3  169  75   12   89   102  -3  155  -3  148  -5
       -1  163  142  -4  78   7    96   1    86   -4  100  175  -1
 CYCLE_IND 	1 	0	 1
 CONV_EC 0.01 1
.
