


      PPPPPPPPPPPPP          AAA         RRRRRRRRRRRRRR          CCCCCCCCCC         SSSSSSSSSS   
      PPPPPPPPPPPPPPP       AAAAA        RRRRRRRRRRRRRRRR       CCCCCCCCCCCCC     SSSSSSSSSSSSS  
       PPPP      PPPP      AAAAAAA        RRRR       RRRRR     CCCC      CCCCC    SSSS      SSSSS
       PPPP       PPPP     AAA AAA        RRRR        RRRR    CCCC        CCCC   SSSS       SSSSS
       PPPP       PPPP    AAAA AAAA       RRRR        RRRR   CCCC                SSSSS           
       PPPP      PPPPP   AAAA   AAAA      RRRR       RRRR    CCCC                 SSSSSSSSSS     
       PPPPPPPPPPPPPP   AAAA     AAAA     RRRRRRRRRRRRRR     CCCC                   SSSSSSSSSSS  
       PPPPPPPPPPPP     AAAA     AAAA     RRRRRRRRRRR        CCCC                       SSSSSSSS 
       PPPP            AAAAAAAAAAAAAAA    RRRR    RRRRR      CCCC          CCC               SSSS
       PPPP            AAAAAAAAAAAAAAA    RRRR      RRRR     CCCC         CCCC   SSSS        SSSS
       PPPP           AAAA         AAAA   RRRR       RRRR     CCCC        CCCC   SSSS        SSSS
       PPPP           AAAA         AAAA   RRRR        RRRR    CCCCC      CCCC    SSSSS      SSSSS
      PPPPPP         AAAAA         AAAAA RRRRRR       RRRRRR   CCCCCCCCCCCCC      SSSSSSSSSSSSSS 
      PPPPPP         AAAAA         AAAAA RRRRRR       RRRRRR     CCCCCCCCCC         SSSSSSSSSS   



                              (Purdue Advanced Reactor Core Simulator)

                                          NRC - V32                                                                      


           Executing Case WUTBEAVRS
           by xxx on xxx at 18:18:11, May  20, 2021...                         
 


                                      Echo of Input Deck .\BEAVRS_20_HFP_MULTI_5_2018.INP
=====================================================================================================
CASEID WUTBEAVRS
!*********************************************************************************************
! 20-09-2017 Revision with new axial CRs model, Piotr Darnowski, Michal Pawluczyk, WUT, IHE, 2015-2017
! MIT BEAVRS Benchmark W-4 Westinghouse reactor
! Hot Full Power version with modified CRs
! old reflector, introducec MCYCLE, BANK_DEF, POW_LEV
! TO USE MULTICYCLE - CORE HAS TO BE ASSY TYPE
! NEW REFLECOTR
!*********************************************************************************************
CNTL
    core_type    PWR
!   core_power   75.0    ! Full power %
    core_power   100.0    ! Full power %
!   core_power	 0.732922 ! HZP % 25MWth/3411MWth	
!    ppm          300.0	! initial boron concenration
    ppm          0.0	! initial boron concenration
!   ppm			 975.0	! HZP
! **********************************************************************************	
!   bank         4-A, 8-B,    8-C, 5-D,  8-SA, 8-SB, 4-SC, 4-SD, 4-SE  - 9 positions
!   number       1-A, 2-B,    3-C, 4-D,  5-SA, 6-SB, 7-SC, 8-SD, 9-SE
!   bank_pos  0.  0.  0.  0.  0.  0.   0.   0.  0.0    ! all inserted
!   bank_pos  100.  100.  100.  100.  100.  100.   100.   100.  100.0   !all removed	
    bank_pos  228.  228.  228.  228.  228.  228.   228.   228.  228.0   !all withdrawn	
!   bank_pos  228.  228.  228.  200.  228.  228.   228.   228.  228.0   !steps withdrawn bank D moved 28 steps	
!  bank_pos  1000.  1000.  1000.  200.  1000.  1000.   1000.   1000.  1000.0   !steps withdrawn bank D moved 28 steps	
! **********************************************************************************
    th_fdbk T
!    search  ppm
   search keff	
    pin_power    F					! pin-power calculation
    transient    F					! transient calculation
    depletion    T 1.0e-2			! yes - depletion and convergence criteria
!			  1		2	3	4	5	6	7	8	9	10	11	12	13	14	15	16	17	
!            TREE,nset,adf,xes,ene,j1f,chi,chd,vel,det,yld,cdf,gff,bet,lam,dht	
!   tree_xs   T    16   T   T   F   F   F   T   F   F   F   F   T   T   F   F    !HFP 2017
!   tree_xs   T    11   T   T   F   F   F   T   F   F   F   F   T   T   F   F !HFP 2017
 tree_xs    T    11   T   T   F   F   F   T   F   F   F   F   T   T   F   F !HFP 2017
!
! Problemy sa z chi pozycja 7
! **********************************************************************************
!    tree_xs   T    16   T   T   F   F   F   T   F   F   F   F   T   T   F   F    !HFP 2017
! **********************************************************************************
!   tree_xs   T    16   T   T   F   F   F   T   F   F   T   T   T   T   F   F    !HFP 2017 2
!					     		|		|				|	|	|			|	 !test	
!   tree_xs   T    16   T   T   F   F   T   F   T   F   T   T   T   T   T   F  F  !2017 TKX
!	
!                    input  iteration     planar                   adj
!                     edit      table      power        pin       reac
    print_opt          T          T          F          F          T	  			!output options
!                     fdbk       flux     planar
!                      rho    precurs       flux         Xe        T/H
    print_opt          T          F          F          T          F
!   XE_SM - Xenon Calculations
!    XE_SM 0 0 0 0  !HZP 2017 clean core
   XE_SM 1 1 1 1
         Warning: Euqilibrium Xenon is not good approximation for any transient!
                            Please make sure this is the option you really want!
            Warning: Euqilibrium Sm is not good approximation for any transient!
                            Please make sure this is the option you really want!
!   XE_SM 2 2 2 2
!
  XS_EXTRAP 2.0 0.3 0.8 0.2
! XS_EXTRAP 1.0 0.3 0.8 0.2
! EXTRAPOLATION DEFAULT VALUE
! DECAY_HEAT - Decay heat calculations
  DECAY_HEAT F
!
! ADF - Assembly Disconunity Factors - rorare assembly
 ROT_ADF T
!******************************************************************************
PARAM
! Basic Iteration Control Parameters
!    n_iters    1 500                     !ninmax, noutmax
!
! Convergence Criteria
!    conv_ss    1.e-7 1.e-5 1.e-5 0.001     !epseig,epsl2,epslinf,epstf
! Wielandt Shift Control
!    wielandt   0.04 0.1  1.0             !eshift,eshift0,targetk
!   wielandt   100.  100.  1.0              !eshift,eshift0,targetk
! Nonlinear Update Control
 cmfd 2
!    nodal_kern hybrid
!   nodal_kern nemmg
!   nspn       3
!   nlupd_ss   3 3 1                   !nupdcy,ninitout,nmulth
!    eps_anm    1.e-6  !ans stabilization criteria
!    eps_erf    0.001
!	Decusping
   decusp     0                         !flux wieghting only
!    decusp     2                         !flux wieghting only Rev 2017
    init_guess 0     !0-coside 1-flat
!******************************************************************************
! XSEC
! !   group_spec 4 2
!     ref_cond   378.01  306.85 0.711901 626.85   !HFP 2017 ppm, Tm in C, rho in gm/cc, Tf in C
! !   ref_cond   975.0   293.33 0.739860 293.33  	!HZP 2017
! !
!******************************************************************************
GEOM
!    file GEOM_FC_PLANAR_REG_REV1
!   file GEOM_FC_ASSY_TYPE_REV3	!VER19
 file GEOM_FC_ASSY_TYPE_REV2  !Reflector 10,11 VER17
 Reading from .\BEAVRS_20_HFP_MULTI_5_2018.INP...                               
! ASSY_TYPE VERSION
! BEAVRS 16-08-2017
!GEOM
 geo_dim   17  17 22  1 1           !nasyx,nasyy,nz, nzbr, nztr
 rad_conf
0	0	0	0	10	10	10	10	10	10	10	10	10	0	0	0	0
0	0	10	10	10	8	2	7	5	7	2	8	10	10	10	0	0
0	10	10	3	5	6	6	8	3	8	6	6	5	3	10	10	0
0	10	3	3	7	6	2	7	1	7	2	6	7	3	3	10	0
10	10	5	7	5	4	4	7	8	7	4	4	5	7	5	10	10
10	8	6	6	4	8	4	1	5	1	4	8	4	6	6	8	10
10	2	6	2	4	4	4	6	4	6	4	4	4	2	6	2	10
10	7	8	7	7	1	6	5	9	5	6	1	7	7	8	7	10
10	5	3	1	8	5	4	9	8	9	4	5	8	1	3	5	10
10	7	8	7	7	1	6	5	9	5	6	1	7	7	8	7	10
10	2	6	2	4	4	4	6	4	6	4	4	4	2	6	2	10
10	8	6	6	4	8	4	1	5	1	4	8	4	6	6	8	10
10	10	5	7	5	4	4	7	8	7	4	4	5	7	5	10	10
0	10	3	3	7	6	2	7	1	7	2	6	7	3	3	10	0
0	10	10	3	5	6	6	8	3	8	6	6	5	3	10	10	0
0	0	10	10	10	8	2	7	5	7	2	8	10	10	10	0	0
0	0	0	0	10	10	10	10	10	10	10	10	10	0	0	0	0
!
! 0  0 0 0 10  10  10  10  10  10  10  10  10  0 0 0 0
! 0  0 10  10  10  1 1 3 3 1 9 3 10  10  10  0 0
! 0  10  10  1 4 8 9 1 1 4 2 1 1 3 10  10  0
! 0  10  6 4 4 8 5 1 1 6 1 8 1 8 3 10  0
! 10 10  3 5 1 9 1 1 1 5 1 1 1 4 3 10  10
! 10 4 6 1 5 5 3 1 3 1 4 1 6 3 1 1 10
! 10 4 4 5 4 1 3 1 5 8 5 1 5 3 1 4 10
! 10 3 8 3 4 6 4 1 1 1 5 5 3 6 5 1 10
! 10 8 1 5 1 3 3 4 1 1 1 1 4 1 1 6 10
! 10 2 4 5 3 4 5 1 3 8 4 4 1 3 5 5 10
! 10 4 3 1 4 4 2 1 4 4 5 1 8 3 1 1 10
! 10 1 5 1 1 9 1 4 1 3 6 5 9 7 5 5 10
! 10 10  5 5 4 4 1 5 1 5 1 5 4 5 8 10  10
! 0  10  5 4 4 3 4 1 3 7 1 6 6 1 1 10  0
! 0  10  10  9 3 2 9 5 6 5 3 4 3 1 10  10  0
! 0  0 10  10  10  1 6 4 1 4 1 1 10  10  10  44  0
! 0  0 0 0 10  10  10  10  10  10  10  10  10  0 0 0 0
!
!
!
!
 grid_x     17*21.50364
 neutmesh_x 17*1
 grid_y     17*21.50364
 neutmesh_y 17*1
! Axial nodalization
 grid_z     21.42  20*18.288 21.42
! Boundary conditions
 boun_cond  1 1  1 1 1 1       !ibcw,ibce,ibcn,ibcs,ibcb,ibct
!
!****************************ASSEMBLY TYPE**************************************
! DEFINITION WITH PLANAR REGION IN OLDER FILE
!  PR_Assign  2 20*1 2	
!	Number	Bottom Refl	Fuel	Top Refl	Type		
 ASSY_TYPE	1	1*11	20*1	1*11	FUEL	!	FA01
 ASSY_TYPE	2	1*11	20*2	1*11	FUEL	!	FA02
 ASSY_TYPE	3	1*11	20*3	1*11	FUEL	!	FA03
 ASSY_TYPE	4	1*11	20*4	1*11	FUEL	!	FA04
 ASSY_TYPE	5	1*11	20*5	1*11	FUEL	!	FA05
 ASSY_TYPE	6	1*11	20*6	1*11	FUEL	!	FA06
 ASSY_TYPE	7	1*11	20*7	1*11	FUEL	!	FA07
 ASSY_TYPE	8	1*11	20*8	1*11	FUEL	!	FA08
 ASSY_TYPE	9	1*11	20*9	1*11	FUEL	!	FA09
 ASSY_TYPE	10	1*10	20*10	1*10	REFL	!	FA_REF
! ******************************************************************************
!
! **************************CONTROL BANKS***************************************
! cr_axinfo 21.42  3.6576     !CR fully inserted position and step size
 cr_axinfo  30.492 1.58173    !CR fully inserted position and step size - 2017
 bank_conf
					0	0	0	0	0	0	0	0	0				
			0	0	0	0	0	0	0	0	0	0	0	0	0		
		0	0	0	5	0	2	0	3	0	2	0	5	0	0	0	
		0	0	0	0	8	0	6	0	6	0	7	0	0	0	0	
  0		0	5	0	4	0	0	0	9	0	0	0	4	0	5	0	0
  0		0	0	7	0	0	0	0	0	0	0	0	0	8	0	0	0
  0		0	2	0	0	0	3	0	1	0	3	0	0	0	2	0	0
  0		0	0	6	0	0	0	0	0	0	0	0	0	6	0	0	0
  0		0	3	0	9	0	1	0	4	0	1	0	9	0	3	0	0
  0		0	0	6	0	0	0	0	0	0	0	0	0	6	0	0	0
  0		0	2	0	0	0	3	0	1	0	3	0	0	0	2	0	0
  0		0	0	8	0	0	0	0	0	0	0	0	0	7	0	0	0
  0		0	5	0	4	0	0	0	9	0	0	0	4	0	5	0	0
		0	0	0	0	7	0	6	0	6	0	8	0	0	0	0	
		0	0	0	5	0	2	0	3	0	2	0	5	0	0	0	
			0	0	0	0	0	0	0	0	0	0	0	0	0		
					0	0	0	0	0	0	0	0	0	
! Radial locations at which the pin power calculation is to be performed, any nonzero value turns
! on pin power calculation at that location
 pincal_loc
                    0   0   0   0   0   0   0   0   0
            0   0   0   1   1   1   1   1   1   1   0   0   0
        0   0   1   1   1   1   1   1   1   1   1   1   1   0   0
        0   1   1   1   1   1   1   1   1   1   1   1   1   1   0
    0   0   1   1   1   1   1   1   1   1   1   1   1   1   1   0   0
    0   1   1   1   1   1   1   1   1   1   1   1   1   1   1   1   0
    0   1   1   1   1   1   1   1   1   1   1   1   1   1   1   1   0
    0   1   1   1   1   1   1   1   1   1   1   1   1   1   1   1   0
    0   1   1   1   1   1   1   1   1   1   1   1   1   1   1   1   0
    0   1   1   1   1   1   1   1   1   1   1   1   1   1   1   1   0
    0   1   1   1   1   1   1   1   1   1   1   1   1   1   1   1   0
    0   1   1   1   1   1   1   1   1   1   1   1   1   1   1   1   0
    0   0   1   1   1   1   1   1   1   1   1   1   1   1   1   0   0
        0   1   1   1   1   1   1   1   1   1   1   1   1   1   0
        0   0   1   1   1   1   1   1   1   1   1   1   1   0   0
            0   0   0   1   1   1   1   1   1   1   0   0   0
                    0   0   0   0   0   0   0   0   0
! ADF rotation
 adf_rot
                   0  0  0  0  0  0  0  0  0
             0  0  0  0  0  0  0  0  0  0  0  0  0
         0   0  0  0  0  0  0  0  0  0  0  0  0  0  0
         0   0  0  0  0  0  0  0  0  0  0  0  3  0  0
      0  0   0  0  0  0  0  0  0  0  0  0  0  0  0  0  0
      0  0   0  0  0  0  0  0  0  0  0  0  0  0  0  0  0
      0  1   0  0  0  0  0  0  0  0  0  0  0  0  0  3  0
      0  0   0  0  0  0  0  0  0  0  0  0  0  0  0  0  0
      0  1   0  0  0  0  0  0  0  0  0  0  0  0  0  3  0
      0  0   0  0  0  0  0  0  0  0  0  0  0  0  0  0  0
      0  1   0  0  0  0  0  0  0  0  0  0  0  0  0  3  0
      0  0   0  0  0  0  0  0  0  0  0  0  0  0  0  0  0
      0  0   0  0  0  0  0  0  0  0  0  0  0  0  0  0  0
         0   0  1  0  0  0  0  0  0  0  0  0  2  0  0
         0   0  0  0  0  0  0  0  0  0  0  0  0  0  0
             0  0  0  0  2  0  2  0  2  0  0  0  0
                   0  0  0  0  0  0  0  0  0
!
 CRB_DEF 1
   1 1 400.0
 CRB_TYPE 1 1 1 1 1 1 1 1 1  !all banks made of AIC
!
 Reading from .\BEAVRS_20_HFP_MULTI_5_2018.INP...                               
!
!******************************************************************************
! THERMAL - HYDRAULICS DATA
!******************************************************************************
TH
    UNIF_TH  0.711901 626.85 306.85     !HFP 2017 average - 306.85C = 580K Average core temp
!   UNIF_TH  0.739860 293.33 293.33     !HZP 2017
!   UNIF_TH  0.739860 286.85 286.85     !
    n_pingt      264 25                     !npin,ngt
    fa_powpit    17.6735   21.50364         !assembly power(Mw) and pitch(cm) 3411 MTth/193 assmbl || pitch page 98
    pin_dim      3.9218 4.572 0.5715 6.0198 !pin radii, rs,rw,tw, and rgt in mm
! 	flow_cond    286.85 8.85E+01            !OLD tin,cmfrfa(Kg/sec)  NOT SURE TIN - here it is 560K - NOT OK
!   flow_cond    293.33 8.85E+01            !OLD tin,cmfrfa(Kg/sec)  NOT SURE TIN - here it is 566.483 K - OK
!   flow_cond    293.33 84.0889             !HZP 2017 tin,cmfrfa(Kg/sec): Tin = 560.0F, Flow: HFP-5%bypass
    flow_cond    294.22 84.0889             !HFP 2017 tin,cmfrfa(Kg/sec): Tin = 561.6F, Flow: HFP-5%bypass
!    flow_cond    292.89 84.0889             !HFP 2017 tin,cmfrfa(Kg/sec): Tin = 559.2F = , Flow: HFP-5%bypass
    gamma_frac   0.01                       !direc heating fraction
!	gamma_frac   0.01 or 0.02                       !direc heating fraction
    hgap         10000.                     !hgap(w/M^2-C)
    n_ring       10                         !number of meshes in pellet
    thmesh_x     17*1                       !Number of T/H Nodes per FA in X-dir
    thmesh_y     17*1                       !Number of T/H Nodes per FA in y-dir
    thmesh_z     1 2 3 4 5 6 7 8 9 10 11 12 13 14 15 16 17 18 19 20 21 22 !23  !junction locations
!******************************************************************************
! TRAN
!    time_step    0.5 0.005 0.1 0.2  !tend,delt0,tswitch,texpand
!    move_bank    10  0.0 0.0   0.1 100.0			! Control rod perturbation
!******************************************************************************
!
DEPL
! INP_HST   '..\..\..\..\PARCS\PMAXS\EXPOSURE_MAP.MOX'  1 1
! INP_HST   './depletion.dep'  1 1  !1/22 = MOL/BOL
! INP_OPT   F  F  F F        !PPM,CRP,THS,XESM
!****************************************************************************
! MAIN - HFP 2017 all steps:
! ***************************************************************************
! for 100% power
! TIME_STP 1*4.	1*2.	1*5.	1*5.	1*5.	1*1.	1*3.	1*6.	1*5.	1*16.	1*17.	1*11.	1*5.	1*11.	1*14.	1*14.	1*16.	1*1.	1*3.	1*6.	1*2.	1*4.	1*8.	1*10.	1*3.	1*3.	1*10.	1*14.	1*10.	1*5.	1*1.	1*5.	1*3.	1*7.	1*13.	1*18.	1*5.	1*24.	1*1.	1*14.	1*16.	1*1.
! ***************************************************************************
! for 75% power
!  TIME_STP 1*4.	1*2.	1*5.	1*5.	1*5.	1*1.	1*3.	1*6.	1*5.	1*16.	1*17.	1*11.	1*5.	1*11.	1*14.	1*14.	1*16.	1*1.	1*3.	1*6.	1*2.	1*4.	1*8.	1*10.	1*10. 1*10. 1*10. 1*10. 1*10.  1*10. 1*10. 1*10. 1*10. 1*10.  1*10. 1*10. 1*10. 1*10. 1*10.  1*10. 1*10. 1*10. 1*10. 1*10.  1*10. 1*10. 1*10. 1*10. 1*10.  1*10. 1*10. 1*5.
!****************************************************************************
! MAIN - HZP 2017
! TIME_STP 1*0.
!****************************************************************************
!Index    PMAXS File Name	   Branch_structure
!
! ****************************************************************
! MERGE 17-09-2017
! VER17_v238_v3 HFP
 PMAXS_F  1        '..\..\..\..\PARCS\PMAXS\FA01_VER17_238_v3_merge2.PMAX'      1
 PMAXS_F  2        '..\..\..\..\PARCS\PMAXS\FA02_VER17_238_v3_merge2.PMAX'      1
 PMAXS_F  3        '..\..\..\..\PARCS\PMAXS\FA03_VER17_238_v3_merge2.PMAX'      1
 PMAXS_F  4        '..\..\..\..\PARCS\PMAXS\FA04_VER17_238_v3_merge2.PMAX'      1
 PMAXS_F  5        '..\..\..\..\PARCS\PMAXS\FA05_VER17_238_v3_merge2.PMAX'      1
 PMAXS_F  6        '..\..\..\..\PARCS\PMAXS\FA06_VER17_238_v3_merge2.PMAX'      1
 PMAXS_F  7        '..\..\..\..\PARCS\PMAXS\FA07_VER17_238_v3_merge2.PMAX'      1
 PMAXS_F  8        '..\..\..\..\PARCS\PMAXS\FA08_VER17_238_v3_merge2.PMAX'      1
 PMAXS_F  9        '..\..\..\..\PARCS\PMAXS\FA09_VER17_238_v3_merge2.PMAX'      1
 PMAXS_F  10       '..\..\..\..\PARCS\PMAXS\RADIAL_REFL_378.PMAX'     2
! PMAXS_F  10       '..\..\..\..\PARCS\PMAXS\PMAXS_OECD_REFL_2g.v600'     2
 PMAXS_F  11       '..\..\..\..\PARCS\PMAXS\PMAXS_OECD_REFL_2g.v600'    3
! PMAXS_F  11       '..\..\..\..\PARCS\PMAXS\AXIAL_REFL_378.PMAX'    3
!
!
!
! ****************************************************************
! HST_OPT   F  F  F  F  F !HCR HMD HSB HTF HTM
! OUT_OPT   T  T   F F F      !POW,HST,THS,XESM XS
 OUT_OPT   T  T   F F F      !POW,HST,THS,XESM XS
! BANK_NR   10*1             !number of control rods in each bank
! Need to be repaired there are several different banks confiogurations with different number of control rods!!!
 BANK_NR   96 192 192 120 192 192 96 96 96             !number of control rods in each bank
! Sprawdzic dokladnie czy rody czy banki czy spidery
! wlaczyc tabele na koncu outputu z BEAVERS(input)
  EXCL_BLK  1  1          !Top, Bottom blank lays
! ************************************************************
! MULTICYCLE *************************************************
MCYCLE
  BANK_DEF	1	228	228	228	228	228	228	228	228	228
 BANK_DEF	2	228	228	228	207	228	228	228	228	228
  BANK_DEF	3	228	228	228	165	228	228	228	228	228
  BANK_DEF	4	228	228	228	162	228	228	228	228	228
  BANK_DEF	5	228	228	228	228	228	228	228	228	228
  BANK_DEF	6	228	228	228	204	228	228	228	228	228
  BANK_DEF	7	228	228	228	192	228	228	228	228	228
  BANK_DEF	8	228	228	228	158	228	228	228	228	228
  BANK_DEF	9	228	228	228	217	228	228	228	228	228
  BANK_DEF	10	228	228	228	207	228	228	228	228	228
  BANK_DEF	11	228	228	228	187	228	228	228	228	228
  BANK_DEF	12	228	228	228	198	228	228	228	228	228
  BANK_DEF	13	228	228	228	192	228	228	228	228	228
  BANK_DEF	14	228	228	228	195	228	228	228	228	228
  BANK_DEF	15	228	228	228	194	228	228	228	228	228
  BANK_DEF	16	228	228	228	179	228	228	228	228	228
  BANK_DEF	17	228	228	228	199	228	228	228	228	228
  BANK_DEF	18	228	228	228	215	228	228	228	228	228
  BANK_DEF	19	228	228	228	222	228	228	228	228	228
  BANK_DEF	20	228	228	228	207	228	228	228	228	228
  BANK_DEF	21	228	228	228	218	228	228	228	228	228
  BANK_DEF	22	228	228	228	215	228	228	228	228	228
  BANK_DEF	23	228	228	228	216	228	228	228	228	228
  BANK_DEF	24	228	228	228	208	228	228	228	228	228
  BANK_DEF	25	228	228	228	207	228	228	228	228	228
  BANK_DEF	26	228	228	228	207	228	228	228	228	228
  BANK_DEF	27	228	228	228	207	228	228	228	228	228
  BANK_DEF	28	228	228	228	207	228	228	228	228	228
  BANK_DEF	29	228	228	228	207	228	228	228	228	228
  BANK_DEF	30	228	228	228	207	228	228	228	228	228
  BANK_DEF	31	228	228	228	207	228	228	228	228	228
  BANK_DEF	32	228	228	228	207	228	228	228	228	228
  BANK_DEF	33	228	228	228	207	228	228	228	228	228
 CYCLE_DEF 1
 DEPL_STEP	1	20	20	20	20	20	20	20	10	10	10	10	10	10	10	10	10	10	10	10	10	10	10	10	10	10	10	10	10	10	10	10	10	10	10	10	10	10	10	10	5	5	5	5	5	5	5	5	5	5	5	5	5	5	5	5	5	5	5	5	5	5	5	5	5	5	5	5	
 POWER_LEV	100	100	100	100	100	100	100	100	100	100	100	100	100	100	100	100	100	100	100	100	100	100	100	100	100	100	100	100	100	100	100	100	100	100	100	100	100	100	100	100	100	100	100	100	100	100	100	100	100	100	100	100	100	100	100	100	100	100	100	100	100	100	100	100	100	100	100	100	100
 BANK_SEQ	1	1	1	1	1	1	1	1	1	1	1	1	1	1	1	1	1	1	1	1	1	1	1	1	1	1	1	1	1	1	1	1	1	1	1	1	1	1	1	1	1	1	1	1	1	1	1	1	1	1	1	1	1	1	1	1	1	1	1	1	1	1	1	1	1	1	1	1	1
 LOCATION
						1   2   3   4   5   6   7
				8   9  10  11  12  13  14  15  16  17  18
			19  20  21  22  23  24  25  26  27  28  29  30  31
			32  33  34  35  36  37  38  39  40  41  42  43  44
		45  46  47  48  49  50  51  52  53  54  55  56  57  58  59
		60  61  62  63  64  65  66  67  68  69  70  71  72  73  74
		75  76  77  78  79  80  81  82  83  84  85  86  87  88  89
		90  91  92  93  94  95  96  97  98  99 100 101 102 103 104
		105 106 107 108 109 110 111 112 113 114 115 116 117 118 119
		120 121 122 123 124 125 126 127 128 129 130 131 132 133 134
		135 136 137 138 139 140 141 142 143 144 145 146 147 148 149
			150 151 152 153 154 155 156 157 158 159 160 161 162
			163 164 165 166 167 168 169 170 171 172 173 174 175
				176 177 178 179 180 181 182 183 184 185 186
						187 188 189 190 191 192 193
 SHUF_MAP   1   1  		! (index, mode 1 - indivdually)
                      124  -5  -1  -5  -1  -5  130
            128  -1  -3  10   150  20   162  16   -3  -1  126
       114  -5  8    122  -3  146  120  138  -3  132  18   -5  110
       -1  19   94   -4  108  193  98   187  116  -4  52   31   -1
  54   -3  27   -4  34   -3  21   134  29   -3  42   -4  23   -3  50
  -5  46   -3  39   -3  92   105  182  119  25   -3  37   -3  58   -5
  -1  17   159  149  33   5    118  190  180  3    43   135  153  9    -1
  -5  164  192  82   6    88   104  183  90   106  188  112  2    30   -5
  -1  185  41   59   151  191  14   4    76   189  161  45   35   177  -1
  -5  136  -3  157  -3  169  75   12   89   102  -3  155  -3  148  -5
  144  -3  171  -4  152  -3  165  60   173  -3  160  -4  167  -3  140
       -1  163  142  -4  78   7    96   1    86   -4  100  175  -1
       84   -5  176  62   -3  56   74   48   -3  72   186  -5  80
            68   -1  -3  178  32   174  44   184  -3  -1  66
                      64   -5  -1  -5  -1  -5  70
 CYCLE_IND 	1 	0	 1
 CONV_EC 0.01 1
.
 00:00.05  Input Processing Completed.
 00:00.22  Performing Steady-State Eigenvalue Calculation...                

     ***************************************************************
                            Problem Description
     ***************************************************************

 
= Geometry : Cartesian

= Control Rod Description
    Core Type                                    : PWR (control rod traveling from top to bottom)
   Number of control rod banks                   :    9
   Fully inserted position
   from the bottom reflector (cm)                :    30.492
   Step Size (cm)                                :     1.582
 
   Initial control bank position (steps)
 
        bank 1  bank 2  bank 3  bank 4  bank 5  bank 6  bank 7  bank 8  bank 9
       228.0     228.0     228.0     228.0     228.0     228.0     228.0     228.0     228.0    
 
          0 means fully inserted

   Control Bank Configuration

                         0   0   0   0   0   0   0   0   0
                 0   0   0   0   0   0   0   0   0   0   0   0   0
             0   0   0   5   0   2   0   3   0   2   0   5   0   0   0
             0   0   0   0   8   0   6   0   6   0   7   0   0   0   0
         0   0   5   0   4   0   0   0   9   0   0   0   4   0   5   0   0
         0   0   0   7   0   0   0   0   0   0   0   0   0   8   0   0   0
         0   0   2   0   0   0   3   0   1   0   3   0   0   0   2   0   0
         0   0   0   6   0   0   0   0   0   0   0   0   0   6   0   0   0
         0   0   3   0   9   0   1   0   4   0   1   0   9   0   3   0   0
         0   0   0   6   0   0   0   0   0   0   0   0   0   6   0   0   0
         0   0   2   0   0   0   3   0   1   0   3   0   0   0   2   0   0
         0   0   0   8   0   0   0   0   0   0   0   0   0   7   0   0   0
         0   0   5   0   4   0   0   0   9   0   0   0   4   0   5   0   0
             0   0   0   0   7   0   6   0   6   0   8   0   0   0   0
             0   0   0   5   0   2   0   3   0   2   0   5   0   0   0
                 0   0   0   0   0   0   0   0   0   0   0   0   0
                         0   0   0   0   0   0   0   0   0
 
 Assemblies Belonging to Each Bank
    1   95  127  131  163
    2   28   32   89  101  157  169  226  230
    3   30   93   97  123  135  161  165  228
    4   57   65  129  193  201
    5   26   34   55   67  191  203  224  232
    6   44   46  107  117  141  151  212  214
    7   48   73  185  210
    8   42   83  175  216
    9   61  125  133  197
 
 Radial Node Number Correspondence
 
    0  -16  -15  -14  -13  -12  -11  -10   -9   -8   -7   -6   -5   -4   -3   -2   -1    0    0
  -33    0    0  -14  -13    1    2    3    4    5    6    7    8    9  275   -2    0    0  275
  -32    0  -15   10   11   12   13   14   15   16   17   18   19   20   21   22  276    0  276
  -31  -31   23   24   25   26   27   28   29   30   31   32   33   34   35   36   37  277  277
  -30  -16   38   39   40   41   42   43   44   45   46   47   48   49   50   51   52  278  278
  -29   53   54   55   56   57   58   59   60   61   62   63   64   65   66   67   68   69  279
  -28   70   71   72   73   74   75   76   77   78   79   80   81   82   83   84   85   86  280
  -27   87   88   89   90   91   92   93   94   95   96   97   98   99  100  101  102  103  281
  -26  104  105  106  107  108  109  110  111  112  113  114  115  116  117  118  119  120  282
  -25  121  122  123  124  125  126  127  128  129  130  131  132  133  134  135  136  137  283
  -24  138  139  140  141  142  143  144  145  146  147  148  149  150  151  152  153  154  284
  -23  155  156  157  158  159  160  161  162  163  164  165  166  167  168  169  170  171  285
  -22  172  173  174  175  176  177  178  179  180  181  182  183  184  185  186  187  188  286
  -21  189  190  191  192  193  194  195  196  197  198  199  200  201  202  203  204  205  287
  -20  258  206  207  208  209  210  211  212  213  214  215  216  217  218  219  220  274  288
  -19  -19  221  222  223  224  225  226  227  228  229  230  231  232  233  234  235  289  289
  -18    0  259  236  237  238  239  240  241  242  243  244  245  246  247  248  273    0  290
  -17    0    0  260  261  249  250  251  252  253  254  255  256  257  271  272    0    0  291
    0  258  259  260  261  262  263  264  265  266  267  268  269  270  271  272  273  274  292
 Node Number to X-Y Coordiantes
 
   Node Number ( X , Y )
 
    1(    5,    1)    2(    6,    1)    3(    7,    1)    4(    8,    1)    5(    9,    1)
    6(   10,    1)    7(   11,    1)    8(   12,    1)    9(   13,    1)   10(    3,    2)
   11(    4,    2)   12(    5,    2)   13(    6,    2)   14(    7,    2)   15(    8,    2)
   16(    9,    2)   17(   10,    2)   18(   11,    2)   19(   12,    2)   20(   13,    2)
   21(   14,    2)   22(   15,    2)   23(    2,    3)   24(    3,    3)   25(    4,    3)
   26(    5,    3)   27(    6,    3)   28(    7,    3)   29(    8,    3)   30(    9,    3)
   31(   10,    3)   32(   11,    3)   33(   12,    3)   34(   13,    3)   35(   14,    3)
   36(   15,    3)   37(   16,    3)   38(    2,    4)   39(    3,    4)   40(    4,    4)
   41(    5,    4)   42(    6,    4)   43(    7,    4)   44(    8,    4)   45(    9,    4)
   46(   10,    4)   47(   11,    4)   48(   12,    4)   49(   13,    4)   50(   14,    4)
   51(   15,    4)   52(   16,    4)   53(    1,    5)   54(    2,    5)   55(    3,    5)
   56(    4,    5)   57(    5,    5)   58(    6,    5)   59(    7,    5)   60(    8,    5)
   61(    9,    5)   62(   10,    5)   63(   11,    5)   64(   12,    5)   65(   13,    5)
   66(   14,    5)   67(   15,    5)   68(   16,    5)   69(   17,    5)   70(    1,    6)
   71(    2,    6)   72(    3,    6)   73(    4,    6)   74(    5,    6)   75(    6,    6)
   76(    7,    6)   77(    8,    6)   78(    9,    6)   79(   10,    6)   80(   11,    6)
   81(   12,    6)   82(   13,    6)   83(   14,    6)   84(   15,    6)   85(   16,    6)
   86(   17,    6)   87(    1,    7)   88(    2,    7)   89(    3,    7)   90(    4,    7)
   91(    5,    7)   92(    6,    7)   93(    7,    7)   94(    8,    7)   95(    9,    7)
   96(   10,    7)   97(   11,    7)   98(   12,    7)   99(   13,    7)  100(   14,    7)
  101(   15,    7)  102(   16,    7)  103(   17,    7)  104(    1,    8)  105(    2,    8)
  106(    3,    8)  107(    4,    8)  108(    5,    8)  109(    6,    8)  110(    7,    8)
  111(    8,    8)  112(    9,    8)  113(   10,    8)  114(   11,    8)  115(   12,    8)
  116(   13,    8)  117(   14,    8)  118(   15,    8)  119(   16,    8)  120(   17,    8)
  121(    1,    9)  122(    2,    9)  123(    3,    9)  124(    4,    9)  125(    5,    9)
  126(    6,    9)  127(    7,    9)  128(    8,    9)  129(    9,    9)  130(   10,    9)
  131(   11,    9)  132(   12,    9)  133(   13,    9)  134(   14,    9)  135(   15,    9)
  136(   16,    9)  137(   17,    9)  138(    1,   10)  139(    2,   10)  140(    3,   10)
  141(    4,   10)  142(    5,   10)  143(    6,   10)  144(    7,   10)  145(    8,   10)
  146(    9,   10)  147(   10,   10)  148(   11,   10)  149(   12,   10)  150(   13,   10)
  151(   14,   10)  152(   15,   10)  153(   16,   10)  154(   17,   10)  155(    1,   11)
  156(    2,   11)  157(    3,   11)  158(    4,   11)  159(    5,   11)  160(    6,   11)
  161(    7,   11)  162(    8,   11)  163(    9,   11)  164(   10,   11)  165(   11,   11)
  166(   12,   11)  167(   13,   11)  168(   14,   11)  169(   15,   11)  170(   16,   11)
  171(   17,   11)  172(    1,   12)  173(    2,   12)  174(    3,   12)  175(    4,   12)
  176(    5,   12)  177(    6,   12)  178(    7,   12)  179(    8,   12)  180(    9,   12)
  181(   10,   12)  182(   11,   12)  183(   12,   12)  184(   13,   12)  185(   14,   12)
  186(   15,   12)  187(   16,   12)  188(   17,   12)  189(    1,   13)  190(    2,   13)
  191(    3,   13)  192(    4,   13)  193(    5,   13)  194(    6,   13)  195(    7,   13)
  196(    8,   13)  197(    9,   13)  198(   10,   13)  199(   11,   13)  200(   12,   13)
  201(   13,   13)  202(   14,   13)  203(   15,   13)  204(   16,   13)  205(   17,   13)
  206(    2,   14)  207(    3,   14)  208(    4,   14)  209(    5,   14)  210(    6,   14)
  211(    7,   14)  212(    8,   14)  213(    9,   14)  214(   10,   14)  215(   11,   14)
  216(   12,   14)  217(   13,   14)  218(   14,   14)  219(   15,   14)  220(   16,   14)
  221(    2,   15)  222(    3,   15)  223(    4,   15)  224(    5,   15)  225(    6,   15)
  226(    7,   15)  227(    8,   15)  228(    9,   15)  229(   10,   15)  230(   11,   15)
  231(   12,   15)  232(   13,   15)  233(   14,   15)  234(   15,   15)  235(   16,   15)
  236(    3,   16)  237(    4,   16)  238(    5,   16)  239(    6,   16)  240(    7,   16)
  241(    8,   16)  242(    9,   16)  243(   10,   16)  244(   11,   16)  245(   12,   16)
  246(   13,   16)  247(   14,   16)  248(   15,   16)  249(    5,   17)  250(    6,   17)
  251(    7,   17)  252(    8,   17)  253(    9,   17)  254(   10,   17)  255(   11,   17)
  256(   12,   17)  257(   13,   17)
  -33(    4,    1)  -32(    2,    2)  -31(    1,    3)  -30(    1,    4)  -29(    0,    5)
  -28(    0,    6)  -27(    0,    7)  -26(    0,    8)  -25(    0,    9)  -24(    0,   10)
  -23(    0,   11)  -22(    0,   12)  -21(    0,   13)  -20(    1,   14)  -19(    1,   15)
  -18(    2,   16)  -17(    4,   17)  -16(    1,    4)  -15(    2,    2)  -14(    3,    1)
  -13(    4,    1)  -12(    5,    0)  -11(    6,    0)  -10(    7,    0)   -9(    8,    0)
   -8(    9,    0)   -7(   10,    0)   -6(   11,    0)   -5(   12,    0)   -4(   13,    0)
   -3(   14,    1)   -2(   15,    1)   -1(   16,    2)    0(   17,    4)
  258(    1,   14)  259(    2,   16)  260(    3,   17)  261(    4,   17)  262(    5,   18)
  263(    6,   18)  264(    7,   18)  265(    8,   18)  266(    9,   18)  267(   10,   18)
  268(   11,   18)  269(   12,   18)  270(   13,   18)  271(   14,   17)  272(   15,   17)
  273(   16,   16)  274(   17,   14)  275(   14,    1)  276(   16,    2)  277(   17,    3)
  278(   17,    4)  279(   18,    5)  280(   18,    6)  281(   18,    7)  282(   18,    8)
  283(   18,    9)  284(   18,   10)  285(   18,   11)  286(   18,   12)  287(   18,   13)
  288(   17,   14)  289(   17,   15)  290(   16,   16)  291(   14,   17)
 
 Node Number to Assembly Node
 
   ( Node Number , Assembly Number )
 
(    1,    1)(    2,    2)(    3,    3)(    4,    4)(    5,    5)(    6,    6)(    7,    7)(    8,    8)(    9,    9)(   10,   10)
(   11,   11)(   12,   12)(   13,   13)(   14,   14)(   15,   15)(   16,   16)(   17,   17)(   18,   18)(   19,   19)(   20,   20)
(   21,   21)(   22,   22)(   23,   23)(   24,   24)(   25,   25)(   26,   26)(   27,   27)(   28,   28)(   29,   29)(   30,   30)
(   31,   31)(   32,   32)(   33,   33)(   34,   34)(   35,   35)(   36,   36)(   37,   37)(   38,   38)(   39,   39)(   40,   40)
(   41,   41)(   42,   42)(   43,   43)(   44,   44)(   45,   45)(   46,   46)(   47,   47)(   48,   48)(   49,   49)(   50,   50)
(   51,   51)(   52,   52)(   53,   53)(   54,   54)(   55,   55)(   56,   56)(   57,   57)(   58,   58)(   59,   59)(   60,   60)
(   61,   61)(   62,   62)(   63,   63)(   64,   64)(   65,   65)(   66,   66)(   67,   67)(   68,   68)(   69,   69)(   70,   70)
(   71,   71)(   72,   72)(   73,   73)(   74,   74)(   75,   75)(   76,   76)(   77,   77)(   78,   78)(   79,   79)(   80,   80)
(   81,   81)(   82,   82)(   83,   83)(   84,   84)(   85,   85)(   86,   86)(   87,   87)(   88,   88)(   89,   89)(   90,   90)
(   91,   91)(   92,   92)(   93,   93)(   94,   94)(   95,   95)(   96,   96)(   97,   97)(   98,   98)(   99,   99)(  100,  100)
(  101,  101)(  102,  102)(  103,  103)(  104,  104)(  105,  105)(  106,  106)(  107,  107)(  108,  108)(  109,  109)(  110,  110)
(  111,  111)(  112,  112)(  113,  113)(  114,  114)(  115,  115)(  116,  116)(  117,  117)(  118,  118)(  119,  119)(  120,  120)
(  121,  121)(  122,  122)(  123,  123)(  124,  124)(  125,  125)(  126,  126)(  127,  127)(  128,  128)(  129,  129)(  130,  130)
(  131,  131)(  132,  132)(  133,  133)(  134,  134)(  135,  135)(  136,  136)(  137,  137)(  138,  138)(  139,  139)(  140,  140)
(  141,  141)(  142,  142)(  143,  143)(  144,  144)(  145,  145)(  146,  146)(  147,  147)(  148,  148)(  149,  149)(  150,  150)
(  151,  151)(  152,  152)(  153,  153)(  154,  154)(  155,  155)(  156,  156)(  157,  157)(  158,  158)(  159,  159)(  160,  160)
(  161,  161)(  162,  162)(  163,  163)(  164,  164)(  165,  165)(  166,  166)(  167,  167)(  168,  168)(  169,  169)(  170,  170)
(  171,  171)(  172,  172)(  173,  173)(  174,  174)(  175,  175)(  176,  176)(  177,  177)(  178,  178)(  179,  179)(  180,  180)
(  181,  181)(  182,  182)(  183,  183)(  184,  184)(  185,  185)(  186,  186)(  187,  187)(  188,  188)(  189,  189)(  190,  190)
(  191,  191)(  192,  192)(  193,  193)(  194,  194)(  195,  195)(  196,  196)(  197,  197)(  198,  198)(  199,  199)(  200,  200)
(  201,  201)(  202,  202)(  203,  203)(  204,  204)(  205,  205)(  206,  206)(  207,  207)(  208,  208)(  209,  209)(  210,  210)
(  211,  211)(  212,  212)(  213,  213)(  214,  214)(  215,  215)(  216,  216)(  217,  217)(  218,  218)(  219,  219)(  220,  220)
(  221,  221)(  222,  222)(  223,  223)(  224,  224)(  225,  225)(  226,  226)(  227,  227)(  228,  228)(  229,  229)(  230,  230)
(  231,  231)(  232,  232)(  233,  233)(  234,  234)(  235,  235)(  236,  236)(  237,  237)(  238,  238)(  239,  239)(  240,  240)
(  241,  241)(  242,  242)(  243,  243)(  244,  244)(  245,  245)(  246,  246)(  247,  247)(  248,  248)(  249,  249)(  250,  250)
(  251,  251)(  252,  252)(  253,  253)(  254,  254)(  255,  255)(  256,  256)(  257,  257)(
 
 Node Number to Fuel Assembly Node
 
   ( Node Number , Assembly Number )
 
(    1,    0)(    2,    0)(    3,    0)(    4,    0)(    5,    0)(    6,    0)(    7,    0)(    8,    0)(    9,    0)(   10,    0)
(   11,    0)(   12,    0)(   13,    1)(   14,    2)(   15,    3)(   16,    4)(   17,    5)(   18,    6)(   19,    7)(   20,    0)
(   21,    0)(   22,    0)(   23,    0)(   24,    0)(   25,    8)(   26,    9)(   27,   10)(   28,   11)(   29,   12)(   30,   13)
(   31,   14)(   32,   15)(   33,   16)(   34,   17)(   35,   18)(   36,    0)(   37,    0)(   38,    0)(   39,   19)(   40,   20)
(   41,   21)(   42,   22)(   43,   23)(   44,   24)(   45,   25)(   46,   26)(   47,   27)(   48,   28)(   49,   29)(   50,   30)
(   51,   31)(   52,    0)(   53,    0)(   54,    0)(   55,   32)(   56,   33)(   57,   34)(   58,   35)(   59,   36)(   60,   37)
(   61,   38)(   62,   39)(   63,   40)(   64,   41)(   65,   42)(   66,   43)(   67,   44)(   68,    0)(   69,    0)(   70,    0)
(   71,   45)(   72,   46)(   73,   47)(   74,   48)(   75,   49)(   76,   50)(   77,   51)(   78,   52)(   79,   53)(   80,   54)
(   81,   55)(   82,   56)(   83,   57)(   84,   58)(   85,   59)(   86,    0)(   87,    0)(   88,   60)(   89,   61)(   90,   62)
(   91,   63)(   92,   64)(   93,   65)(   94,   66)(   95,   67)(   96,   68)(   97,   69)(   98,   70)(   99,   71)(  100,   72)
(  101,   73)(  102,   74)(  103,    0)(  104,    0)(  105,   75)(  106,   76)(  107,   77)(  108,   78)(  109,   79)(  110,   80)
(  111,   81)(  112,   82)(  113,   83)(  114,   84)(  115,   85)(  116,   86)(  117,   87)(  118,   88)(  119,   89)(  120,    0)
(  121,    0)(  122,   90)(  123,   91)(  124,   92)(  125,   93)(  126,   94)(  127,   95)(  128,   96)(  129,   97)(  130,   98)
(  131,   99)(  132,  100)(  133,  101)(  134,  102)(  135,  103)(  136,  104)(  137,    0)(  138,    0)(  139,  105)(  140,  106)
(  141,  107)(  142,  108)(  143,  109)(  144,  110)(  145,  111)(  146,  112)(  147,  113)(  148,  114)(  149,  115)(  150,  116)
(  151,  117)(  152,  118)(  153,  119)(  154,    0)(  155,    0)(  156,  120)(  157,  121)(  158,  122)(  159,  123)(  160,  124)
(  161,  125)(  162,  126)(  163,  127)(  164,  128)(  165,  129)(  166,  130)(  167,  131)(  168,  132)(  169,  133)(  170,  134)
(  171,    0)(  172,    0)(  173,  135)(  174,  136)(  175,  137)(  176,  138)(  177,  139)(  178,  140)(  179,  141)(  180,  142)
(  181,  143)(  182,  144)(  183,  145)(  184,  146)(  185,  147)(  186,  148)(  187,  149)(  188,    0)(  189,    0)(  190,    0)
(  191,  150)(  192,  151)(  193,  152)(  194,  153)(  195,  154)(  196,  155)(  197,  156)(  198,  157)(  199,  158)(  200,  159)
(  201,  160)(  202,  161)(  203,  162)(  204,    0)(  205,    0)(  206,    0)(  207,  163)(  208,  164)(  209,  165)(  210,  166)
(  211,  167)(  212,  168)(  213,  169)(  214,  170)(  215,  171)(  216,  172)(  217,  173)(  218,  174)(  219,  175)(  220,    0)
(  221,    0)(  222,    0)(  223,  176)(  224,  177)(  225,  178)(  226,  179)(  227,  180)(  228,  181)(  229,  182)(  230,  183)
(  231,  184)(  232,  185)(  233,  186)(  234,    0)(  235,    0)(  236,    0)(  237,    0)(  238,    0)(  239,  187)(  240,  188)
(  241,  189)(  242,  190)(  243,  191)(  244,  192)(  245,  193)(  246,    0)(  247,    0)(  248,    0)(  249,    0)(  250,    0)
(  251,    0)(  252,    0)(  253,    0)(  254,    0)(  255,    0)(  256,    0)(  257,    0)(
 
 Nodes belonging to Each Fuel Assembly
 
    Assembly No.    Node Number 
 
    1   13
    2   14
    3   15
    4   16
    5   17
    6   18
    7   19
    8   25
    9   26
   10   27
   11   28
   12   29
   13   30
   14   31
   15   32
   16   33
   17   34
   18   35
   19   39
   20   40
   21   41
   22   42
   23   43
   24   44
   25   45
   26   46
   27   47
   28   48
   29   49
   30   50
   31   51
   32   55
   33   56
   34   57
   35   58
   36   59
   37   60
   38   61
   39   62
   40   63
   41   64
   42   65
   43   66
   44   67
   45   71
   46   72
   47   73
   48   74
   49   75
   50   76
   51   77
   52   78
   53   79
   54   80
   55   81
   56   82
   57   83
   58   84
   59   85
   60   88
   61   89
   62   90
   63   91
   64   92
   65   93
   66   94
   67   95
   68   96
   69   97
   70   98
   71   99
   72  100
   73  101
   74  102
   75  105
   76  106
   77  107
   78  108
   79  109
   80  110
   81  111
   82  112
   83  113
   84  114
   85  115
   86  116
   87  117
   88  118
   89  119
   90  122
   91  123
   92  124
   93  125
   94  126
   95  127
   96  128
   97  129
   98  130
   99  131
  100  132
  101  133
  102  134
  103  135
  104  136
  105  139
  106  140
  107  141
  108  142
  109  143
  110  144
  111  145
  112  146
  113  147
  114  148
  115  149
  116  150
  117  151
  118  152
  119  153
  120  156
  121  157
  122  158
  123  159
  124  160
  125  161
  126  162
  127  163
  128  164
  129  165
  130  166
  131  167
  132  168
  133  169
  134  170
  135  173
  136  174
  137  175
  138  176
  139  177
  140  178
  141  179
  142  180
  143  181
  144  182
  145  183
  146  184
  147  185
  148  186
  149  187
  150  191
  151  192
  152  193
  153  194
  154  195
  155  196
  156  197
  157  198
  158  199
  159  200
  160  201
  161  202
  162  203
  163  207
  164  208
  165  209
  166  210
  167  211
  168  212
  169  213
  170  214
  171  215
  172  216
  173  217
  174  218
  175  219
  176  223
  177  224
  178  225
  179  226
  180  227
  181  228
  182  229
  183  230
  184  231
  185  232
  186  233
  187  239
  188  240
  189  241
  190  242
  191  243
  192  244
  193  245
 
= Group Constants for Each Composition

    Comp   Energy  Diffusion
   Number  Group     Coef.      Absorption     nuFiss    Scattering
 
   Delta XS for Control Rods
    Comp     Energy  
   Number    Group   Transport    Absorption     nuFiss    Scattering
 
   Delta XS assignment to XS compositions

     composition  Del XS 
        type       type  
 
= External T/H On?                                         [X]
= T/H feedback On?                                         [O]
= Decay Heat On?                                           [X]
= Transient On?                                            [X]
= Restart?                                                 [X]
= Pin Power On?                                            [X]
= Xe/Sm Calculation                                        Equilibrium
= Problem type                                             Eigenvalue Problem
  Initial Soluble Boron guess                                  0.000
 
= Print Options
  Detailed input explanation?                              [O]
  Display screen output?                                   [O]
  Planar power distribution?                               [X]
  Detailed pin power edits?                                [X]
  Adjoint flux and reactivity?                             [O]
  Feedback component reactivity?                           [O]
  Integrated flux/precursor distribution?                  [X]
  Planar flux distribution?                                [X]
  Planar Xe/Sm distribution?                               [O]
  T/H outputs?                                             [X]
  Collapsed One-D Xsecs?                                   [X]
  Point Kinetics Parameters?                               [X]
 
= Iteration control parameters
   Maximum number of inner iteration             :    1
   Maximum number of outer iteration             :  500
   Criterion for convergence check
      eigenvalue convergence                     :  1.00000E-06
      relative residual 2-norm                   :  1.00000E-05
      maximum relative residual                  :  5.00000E-04
   Data for Wielandt shift acceleration
      Eigenvalue estimation error factor for Wiel:  1.00000E+01
      Parameter for Wielandt shift fraction      :  4.00000E-02
   Nonlinear nodal calculation                   : [ON]
      Initial number of outer iteration          :    3
      Nonlinear update frequency                 :    3
      T/H cal. frequency per Nonlinear update    :    1
      Criterion to determine the critical node   :  1.00050E+01
      Rod cusping correction                     : [OFF]
   Nodal kernel                                  : HYBRID
 
= T/H control parameters and flags
   Number of T/H nodes per assembly              :    1
   Number of fuel rods in a row                  :    0
   Number of guide tubes per assembly            :   25
   Fuel pellet radius (m)                        :  3.92180E-03
   Fuel pin radius (m)                           :  4.57200E-03
   Cladding thickness (m)                        :  5.71500E-04
   Outer radius of guide tube(m)                 :  6.01980E-03
   Nominal power per fuel assembly (W)           :  1.76735E+07
   Inlet temperature (C)                         :  2.94220E+02
   Mass flow rate per fuel assembly (kg/s)       :  8.40889E+01
   Fraction of heat deposited directly into coola:  1.00000E-02
   Fraction of heat deposited into vessel bypass :  0.00000E+00
   Fraction of heat deposited into water rod     :  0.00000E+00
   Gap conductance in w/m^2-C                    :  1.00000E+04
   Number of nodes in the pellet region          :   10
   Node to Channel Correspondence
 
                      +---+---+---+---+---+---+---+---+---+
                      |  0|  0|  0|  0|  0|  0|  0|  0|  0|
              +---+---+---+---+---+---+---+---+---+---+---+---+---+
              |  0|  0|  0|  1|  2|  3|  4|  5|  6|  7|  0|  0|  0|
          +---+---+---+---+---+---+---+---+---+---+---+---+---+---+---+
          |  0|  0|  8|  9| 10| 11| 12| 13| 14| 15| 16| 17| 18|  0|  0|
          +---+---+---+---+---+---+---+---+---+---+---+---+---+---+---+
          |  0| 19| 20| 21| 22| 23| 24| 25| 26| 27| 28| 29| 30| 31|  0|
      +---+---+---+---+---+---+---+---+---+---+---+---+---+---+---+---+---+
      |  0|  0| 32| 33| 34| 35| 36| 37| 38| 39| 40| 41| 42| 43| 44|  0|  0|
      +---+---+---+---+---+---+---+---+---+---+---+---+---+---+---+---+---+
      |  0| 45| 46| 47| 48| 49| 50| 51| 52| 53| 54| 55| 56| 57| 58| 59|  0|
      +---+---+---+---+---+---+---+---+---+---+---+---+---+---+---+---+---+
      |  0| 60| 61| 62| 63| 64| 65| 66| 67| 68| 69| 70| 71| 72| 73| 74|  0|
      +---+---+---+---+---+---+---+---+---+---+---+---+---+---+---+---+---+
      |  0| 75| 76| 77| 78| 79| 80| 81| 82| 83| 84| 85| 86| 87| 88| 89|  0|
      +---+---+---+---+---+---+---+---+---+---+---+---+---+---+---+---+---+
      |  0| 90| 91| 92| 93| 94| 95| 96| 97| 98| 99|100|101|102|103|104|  0|
      +---+---+---+---+---+---+---+---+---+---+---+---+---+---+---+---+---+
      |  0|105|106|107|108|109|110|111|112|113|114|115|116|117|118|119|  0|
      +---+---+---+---+---+---+---+---+---+---+---+---+---+---+---+---+---+
      |  0|120|121|122|123|124|125|126|127|128|129|130|131|132|133|134|  0|
      +---+---+---+---+---+---+---+---+---+---+---+---+---+---+---+---+---+
      |  0|135|136|137|138|139|140|141|142|143|144|145|146|147|148|149|  0|
      +---+---+---+---+---+---+---+---+---+---+---+---+---+---+---+---+---+
      |  0|  0|150|151|152|153|154|155|156|157|158|159|160|161|162|  0|  0|
      +---+---+---+---+---+---+---+---+---+---+---+---+---+---+---+---+---+
          |  0|163|164|165|166|167|168|169|170|171|172|173|174|175|  0|
          +---+---+---+---+---+---+---+---+---+---+---+---+---+---+---+
          |  0|  0|176|177|178|179|180|181|182|183|184|185|186|  0|  0|
          +---+---+---+---+---+---+---+---+---+---+---+---+---+---+---+
              |  0|  0|  0|187|188|189|190|191|192|193|  0|  0|  0|
              +---+---+---+---+---+---+---+---+---+---+---+---+---+
                      |  0|  0|  0|  0|  0|  0|  0|  0|  0|
                      +---+---+---+---+---+---+---+---+---+
 
 
   Number of axial T/H node                      :   22
   Junction boudaries to neutronic axial meshes
         1  2  3  4  5  6  7  8  9 10 11 12 13 14 15 16 17 18 19 20 21 22
 
 
 ================================================
   Steady State Eigenvalue Calculation Results
 ================================================
 
 Max. Tf= 1146.4C,  Avg. Outlet Temp.=329.98C, Max. Doppler Change= 2.30E-01 F 
 Xenon/Samarium Update...
  Itr Nin    k-eff        Global F.S.    Local F.S.   Dom. R   PPM Pos.FLux    
-------------------------------------------------------------------------------
      1   1   1.1087036 F   1.9416E-01 F   3.1964E-01 F 10.0000      0.00 T    
      2   1   1.1162775 F   7.5839E-02 F   3.3756E-01 F  0.4268      0.00 T    
      3   1   1.1274808 F   1.4049E-01 F   7.0354E-01 F  1.9298      0.00 T    
 00:00.28  Nodal update...   1                                                
 Xenon/Samarium Update...
 00:00.30  k-eff= 1.127481 , Tout= 329.98 , ppm=    0.00                    
 Max. Tf= 1525.0C,  Avg. Outlet Temp.=329.49C, Max. Doppler Change= 1.96E-01 F 
  Itr Nin    k-eff        Global F.S.    Local F.S.   Dom. R   PPM Pos.FLux    
-------------------------------------------------------------------------------
      4   1   1.1159030 F   1.3347E-01 F   7.3824E-01 F  0.9522      0.00 T    
      5   1   1.1204941 F   8.1141E-02 F   3.5473E-01 F  0.5984      0.00 T    
      6   1   1.1220107 F   8.6097E-02 F   3.7854E-01 F  1.0827      0.00 T    
 00:00.33  Nodal update...   2                                                
 Xenon/Samarium Update...
 00:00.34  k-eff= 1.122011 , Tout= 329.49 , ppm=    0.00                    
 Max. Tf= 2057.9C,  Avg. Outlet Temp.=329.21C, Max. Doppler Change= 1.31E-01 F 
  Itr Nin    k-eff        Global F.S.    Local F.S.   Dom. R   PPM Pos.FLux    
-------------------------------------------------------------------------------
      7   1   1.1195867 F   4.3918E-02 F   2.4497E-01 F  0.5086      0.00 T    
      8   1   1.1204467 F   2.7679E-02 F   9.7319E-02 F  0.6272      0.00 T    
      9   1   1.1206256 F   2.3452E-02 F   9.7098E-02 F  0.8540      0.00 T    
 00:00.36  Nodal update...   3                                                
 Xenon/Samarium Update...
 00:00.39  k-eff= 1.120626 , Tout= 329.21 , ppm=    0.00                    
 Max. Tf= 2458.4C,  Avg. Outlet Temp.=329.03C, Max. Doppler Change= 5.52E-02 F 
  Itr Nin    k-eff        Global F.S.    Local F.S.   Dom. R   PPM Pos.FLux    
-------------------------------------------------------------------------------
     10   1   1.1193117 F   2.3449E-02 F   6.5924E-02 F  0.9908      0.00 T    
     11   1   1.1193030 F   4.1934E-03 F   1.0280E-02 F  0.1769      0.00 T    
     12   1   1.1192998 F   3.9064E-03 F   1.0195E-02 F  0.9314      0.00 T    
 00:00.44  Nodal update...   4                                                
 Xenon/Samarium Update...
 00:00.45  k-eff= 1.119300 , Tout= 329.03 , ppm=    0.00                    
 Max. Tf= 2381.2C,  Avg. Outlet Temp.=329.07C, Max. Doppler Change= 1.50E-02 F 
  Itr Nin    k-eff        Global F.S.    Local F.S.   Dom. R   PPM Pos.FLux    
-------------------------------------------------------------------------------
     13   1   1.1192041 F   4.1167E-03 F   1.3873E-02 F  1.0535      0.00 T    
     14   1   1.1192501 F   2.5102E-03 F   5.9460E-03 F  0.6099      0.00 T    
     15   1   1.1192619 F   1.5283E-03 F   3.5572E-03 F  0.6092      0.00 T    
 00:00.50  Nodal update...   5                                                
 Xenon/Samarium Update...
 00:00.52  k-eff= 1.119262 , Tout= 329.07 , ppm=    0.00                    
 Max. Tf= 2438.5C,  Avg. Outlet Temp.=329.04C, Max. Doppler Change= 8.66E-03 F 
  Itr Nin    k-eff        Global F.S.    Local F.S.   Dom. R   PPM Pos.FLux    
-------------------------------------------------------------------------------
     16   1   1.1192032 F   2.2395E-03 F   7.9270E-03 F  1.4647      0.00 T    
     17   1   1.1191859 F   1.1870E-03 F   3.0562E-03 F  0.5296      0.00 T    
     18   1   1.1191797 F   7.4525E-04 F   1.6422E-03 F  0.6277      0.00 T    
 00:00.56  Nodal update...   6                                                
 Xenon/Samarium Update...
 00:00.58  k-eff= 1.119180 , Tout= 329.04 , ppm=    0.00                    
 Max. Tf= 2413.4C,  Avg. Outlet Temp.=329.05C, Max. Doppler Change= 4.14E-03 F 
  Itr Nin    k-eff        Global F.S.    Local F.S.   Dom. R   PPM Pos.FLux    
-------------------------------------------------------------------------------
     19   1   1.1191905 F   1.0687E-03 F   3.8966E-03 F  1.4342      0.00 T    
     20   1   1.1192002 F   6.1646E-04 F   1.5320E-03 F  0.5770      0.00 T    
     21   1   1.1192038 F   3.9485E-04 F   8.3452E-04 F  0.6406      0.00 T    
 00:00.61  Nodal update...   7                                                
 Xenon/Samarium Update...
 00:00.62  k-eff= 1.119204 , Tout= 329.05 , ppm=    0.00                    
 Max. Tf= 2426.7C,  Avg. Outlet Temp.=329.05C, Max. Doppler Change= 2.15E-03 F 
  Itr Nin    k-eff        Global F.S.    Local F.S.   Dom. R   PPM Pos.FLux    
-------------------------------------------------------------------------------
     22   1   1.1191944 F   5.5183E-04 F   1.9779E-03 F  1.3975      0.00 T    
     23   1   1.1191897 F   3.0875E-04 F   7.7437E-04 F  0.5594      0.00 T    
     24   1   1.1191880 F   1.9665E-04 F   4.2188E-04 T  0.6369      0.00 T    
 00:00.67  Nodal update...   8                                                
 Xenon/Samarium Update...
 00:00.70  k-eff= 1.119188 , Tout= 329.05 , ppm=    0.00                    
 Max. Tf= 2420.2C,  Avg. Outlet Temp.=329.05C, Max. Doppler Change= 1.07E-03 F 
  Itr Nin    k-eff        Global F.S.    Local F.S.   Dom. R   PPM Pos.FLux    
-------------------------------------------------------------------------------
     25   1   1.1191916 F   2.7525E-04 F   9.8781E-04 F  1.3998      0.00 T    
     26   1   1.1191941 F   1.5771E-04 F   3.9202E-04 T  0.5730      0.00 T    
     27   1   1.1191950 T   1.0053E-04 F   2.1387E-04 T  0.6374      0.00 T    
 00:00.72  Nodal update...   9                                                
 Xenon/Samarium Update...
 00:00.73  k-eff= 1.119195 , Tout= 329.05 , ppm=    0.00                    
 Max. Tf= 2423.5C,  Avg. Outlet Temp.=329.05C, Max. Doppler Change= 5.40E-04 T 
  Itr Nin    k-eff        Global F.S.    Local F.S.   Dom. R   PPM Pos.FLux    
-------------------------------------------------------------------------------
     28   1   1.1191928 F   1.3925E-04 F   4.9823E-04 T  1.3851      0.00 T    
     29   1   1.1191916 F   7.7920E-05 F   1.9448E-04 T  0.5596      0.00 T    
     30   1   1.1191911 T   4.9750E-05 F   1.0637E-04 T  0.6385      0.00 T    
 00:00.78  Nodal update...  10                                                
 Xenon/Samarium Update...
 00:00.81  k-eff= 1.119191 , Tout= 329.05 , ppm=    0.00                    
 Max. Tf= 2421.9C,  Avg. Outlet Temp.=329.05C, Max. Doppler Change= 2.68E-04 T 
  Itr Nin    k-eff        Global F.S.    Local F.S.   Dom. R   PPM Pos.FLux    
-------------------------------------------------------------------------------
     31   1   1.1191921 T   6.9007E-05 F   2.4768E-04 T  1.3871      0.00 T    
     32   1   1.1191927 T   3.9249E-05 F   9.7613E-05 T  0.5688      0.00 T    
     33   1   1.1191929 T   2.5002E-05 F   5.3347E-05 T  0.6370      0.00 T    
 00:00.84  Nodal update...  11                                                
 Xenon/Samarium Update...
 00:00.88  k-eff= 1.119193 , Tout= 329.05 , ppm=    0.00                    
 Max. Tf= 2422.7C,  Avg. Outlet Temp.=329.05C, Max. Doppler Change= 1.34E-04 T 
  Itr Nin    k-eff        Global F.S.    Local F.S.   Dom. R   PPM Pos.FLux    
-------------------------------------------------------------------------------
     34   1   1.1191924 T   3.4492E-05 F   1.2376E-04 T  1.3796      0.00 T    
     35   1   1.1191921 T   1.9262E-05 F   4.8079E-05 T  0.5584      0.00 T    
     36   1   1.1191920 T   1.2301E-05 F   2.6329E-05 T  0.6386      0.00 T    
 00:00.91  Nodal update...  12                                                
 Xenon/Samarium Update...
 00:00.92  k-eff= 1.119192 , Tout= 329.05 , ppm=    0.00                    
 Max. Tf= 2422.3C,  Avg. Outlet Temp.=329.05C, Max. Doppler Change= 6.63E-05 T 
  Itr Nin    k-eff        Global F.S.    Local F.S.   Dom. R   PPM Pos.FLux    
-------------------------------------------------------------------------------
     37   1   1.1191922 T   1.6957E-05 F   6.1172E-05 T  1.3785      0.00 T    
     38   1   1.1191924 T   9.5914E-06 T   2.3921E-05 T  0.5656      0.00 T    
 00:00.97  Nodal update...  13                                                
 Xenon/Samarium Update...
     39   1   1.1191924 T   3.3898E-06 T   9.0038E-06 T  0.3534      0.00 T    
 00:00.98  k-eff= 1.119192 , Tout= 329.05 , ppm=    0.00                    
 Max. Tf= 2422.5C,  Avg. Outlet Temp.=329.05C, Max. Doppler Change= 2.98E-05 T 
  Itr Nin    k-eff        Global F.S.    Local F.S.   Dom. R   PPM Pos.FLux    
-------------------------------------------------------------------------------
     40   1   1.1191923 T   5.6408E-06 T   2.0442E-05 T  1.6640      0.00 T    
 00:01.02  k-eff= 1.119192 , Tout= 329.05 , ppm=    0.00                    
 leakage fraction from fuel region: 2.6300%,  absorption fraction in reflector 2.2451%,  leakage fraction from system: 0.3849%
Caution: instantaneous variables out of range! You can increase either XS data range or extrapolation range with XS_EXTRAP card in cntl block!
 Max. Tf= 2422.4C,  Avg. Outlet Temp.=329.05C, Max. Doppler Change= 6.87E-06 T 
  Itr Nin    k-eff        Global F.S.    Local F.S.   Dom. R   PPM Pos.FLux    
-------------------------------------------------------------------------------
      1   1   1.1207720 F   4.7055E-02 F   1.1327E-01 F 10.0000      0.00 T    
      2   1   1.1210436 F   2.9402E-02 F   5.8163E-02 F  0.6352      0.00 T    
      3   1   1.1212194 F   2.6223E-02 F   5.4326E-02 F  0.8963      0.00 T    
 00:01.11  Nodal update...  14                                                
 Xenon/Samarium Update...
 00:01.12  k-eff= 1.121219 , Tout= 329.05 , ppm=    0.00                    
 Max. Tf= 2631.3C,  Avg. Outlet Temp.=328.77C, Max. Doppler Change= 6.38E-02 F 
  Itr Nin    k-eff        Global F.S.    Local F.S.   Dom. R   PPM Pos.FLux    
-------------------------------------------------------------------------------
      4   1   1.1215757 F   8.8771E-03 F   2.2917E-02 F  0.3401      0.00 T    
      5   1   1.1215388 F   4.0507E-03 F   9.4997E-03 F  0.4573      0.00 T    
      6   1   1.1215312 F   3.2587E-03 F   7.7624E-03 F  0.8041      0.00 T    
 00:01.17  Nodal update...  15                                                
 Xenon/Samarium Update...
 00:01.20  k-eff= 1.121531 , Tout= 328.77 , ppm=    0.00                    
 Max. Tf= 2555.3C,  Avg. Outlet Temp.=328.81C, Max. Doppler Change= 1.10E-02 F 
  Itr Nin    k-eff        Global F.S.    Local F.S.   Dom. R   PPM Pos.FLux    
-------------------------------------------------------------------------------
      7   1   1.1215409 F   1.3053E-03 F   4.6933E-03 F  0.4006      0.00 T    
      8   1   1.1215412 T   7.6447E-04 F   2.2146E-03 F  0.5857      0.00 T    
      9   1   1.1215414 T   5.6217E-04 F   1.6116E-03 F  0.7354      0.00 T    
 00:01.25  Nodal update...  16                                                
 Xenon/Samarium Update...
 00:01.27  k-eff= 1.121541 , Tout= 328.81 , ppm=    0.00                    
 Max. Tf= 2551.6C,  Avg. Outlet Temp.=328.80C, Max. Doppler Change= 1.57E-03 F 
  Itr Nin    k-eff        Global F.S.    Local F.S.   Dom. R   PPM Pos.FLux    
-------------------------------------------------------------------------------
     10   1   1.1215515 F   4.0023E-04 F   1.6732E-03 F  0.7120      0.00 T    
     11   1   1.1215494 F   2.1187E-04 F   5.4106E-04 F  0.5294      0.00 T    
     12   1   1.1215488 T   1.4176E-04 F   3.3927E-04 T  0.6690      0.00 T    
 00:01.30  Nodal update...  17                                                
 Xenon/Samarium Update...
 00:01.33  k-eff= 1.121549 , Tout= 328.80 , ppm=    0.00                    
 Max. Tf= 2549.5C,  Avg. Outlet Temp.=328.81C, Max. Doppler Change= 5.92E-04 T 
  Itr Nin    k-eff        Global F.S.    Local F.S.   Dom. R   PPM Pos.FLux    
-------------------------------------------------------------------------------
     13   1   1.1215481 T   8.8475E-05 F   4.6617E-04 T  0.6241      0.00 T    
     14   1   1.1215482 T   4.4215E-05 F   1.5609E-04 T  0.4997      0.00 T    
     15   1   1.1215483 T   2.8332E-05 F   8.3195E-05 T  0.6408      0.00 T    
 00:01.36  Nodal update...  18                                                
 Xenon/Samarium Update...
 00:01.39  k-eff= 1.121548 , Tout= 328.81 , ppm=    0.00                    
 Max. Tf= 2549.5C,  Avg. Outlet Temp.=328.81C, Max. Doppler Change= 1.29E-04 T 
  Itr Nin    k-eff        Global F.S.    Local F.S.   Dom. R   PPM Pos.FLux    
-------------------------------------------------------------------------------
     16   1   1.1215487 T   2.5644E-05 F   1.3794E-04 T  0.9051      0.00 T    
     17   1   1.1215486 T   1.3572E-05 F   4.4201E-05 T  0.5293      0.00 T    
     18   1   1.1215485 T   8.9150E-06 T   2.4514E-05 T  0.6569      0.00 T    
 00:01.45  Nodal update...  19                                                
 Xenon/Samarium Update...
 00:01.52  k-eff= 1.121549 , Tout= 328.81 , ppm=    0.00                    
 leakage fraction from fuel region: 2.5033%,  absorption fraction in reflector 2.1365%,  leakage fraction from system: 0.3669%
Caution: instantaneous variables out of range! You can increase either XS data range or extrapolation range with XS_EXTRAP card in cntl block!
